TN:
SF:src/config/permissions.ts
FN:77,hasPermission
FN:81,hasAnyPermission
FN:82,(anonymous_2)
FN:85,hasAllPermissions
FN:86,(anonymous_4)
FNF:5
FNH:5
FNDA:16,hasPermission
FNDA:3,hasAnyPermission
FNDA:4,(anonymous_2)
FNDA:3,hasAllPermissions
FNDA:5,(anonymous_4)
DA:3,1
DA:38,1
DA:78,16
DA:82,4
DA:86,5
LF:5
LH:5
BRDA:78,0,0,16
BRDA:78,0,1,1
BRF:2
BRH:2
end_of_record
TN:
SF:src/services/auth.service.ts
FN:13,(anonymous_0)
FN:33,(anonymous_1)
FN:57,(anonymous_2)
FN:69,(anonymous_3)
FN:91,(anonymous_4)
FN:124,(anonymous_5)
FN:138,(anonymous_6)
FN:149,(anonymous_7)
FN:160,(anonymous_8)
FN:164,(anonymous_9)
FN:168,(anonymous_10)
FN:174,(anonymous_11)
FN:192,(anonymous_12)
FN:206,(anonymous_13)
FNF:14
FNH:7
FNDA:0,(anonymous_0)
FNDA:0,(anonymous_1)
FNDA:0,(anonymous_2)
FNDA:0,(anonymous_3)
FNDA:0,(anonymous_4)
FNDA:0,(anonymous_5)
FNDA:0,(anonymous_6)
FNDA:4,(anonymous_7)
FNDA:3,(anonymous_8)
FNDA:2,(anonymous_9)
FNDA:4,(anonymous_10)
FNDA:3,(anonymous_11)
FNDA:1,(anonymous_12)
FNDA:5,(anonymous_13)
DA:10,20
DA:11,20
DA:14,0
DA:18,0
DA:19,0
DA:22,0
DA:23,0
DA:24,0
DA:27,0
DA:28,0
DA:30,0
DA:34,0
DA:35,0
DA:37,0
DA:41,0
DA:42,0
DA:45,0
DA:47,0
DA:48,0
DA:50,0
DA:51,0
DA:53,0
DA:58,0
DA:62,0
DA:63,0
DA:66,0
DA:70,0
DA:74,0
DA:75,0
DA:78,0
DA:79,0
DA:80,0
DA:83,0
DA:85,0
DA:86,0
DA:92,0
DA:97,0
DA:98,0
DA:102,0
DA:107,0
DA:108,0
DA:109,0
DA:111,0
DA:121,0
DA:125,0
DA:130,0
DA:131,0
DA:134,0
DA:136,0
DA:138,0
DA:139,0
DA:143,0
DA:150,4
DA:151,4
DA:153,3
DA:154,2
DA:156,1
DA:161,3
DA:165,2
DA:169,4
DA:170,2
DA:175,3
DA:181,3
DA:185,3
DA:189,3
DA:193,1
DA:207,5
DA:208,5
DA:209,5
DA:213,1
LF:70
LH:20
BRDA:18,0,0,0
BRDA:23,1,0,0
BRDA:41,2,0,0
BRDA:47,3,0,0
BRDA:50,4,0,0
BRDA:62,5,0,0
BRDA:74,6,0,0
BRDA:79,7,0,0
BRDA:97,8,0,0
BRDA:130,9,0,0
BRDA:153,10,0,2
BRDA:169,11,0,2
BRF:12
BRH:2
end_of_record
TN:
SF:src/services/dashboard.service.ts
FN:16,(anonymous_0)
FN:22,(anonymous_1)
FN:26,(anonymous_2)
FN:48,(anonymous_3)
FN:83,(anonymous_4)
FN:104,(anonymous_5)
FN:112,(anonymous_6)
FN:113,(anonymous_7)
FN:114,(anonymous_8)
FN:115,(anonymous_9)
FN:120,(anonymous_10)
FN:125,(anonymous_11)
FN:136,(anonymous_12)
FN:153,(anonymous_13)
FN:154,(anonymous_14)
FN:157,(anonymous_15)
FN:174,(anonymous_16)
FN:192,(anonymous_17)
FN:195,(anonymous_18)
FN:200,(anonymous_19)
FN:204,(anonymous_20)
FN:220,(anonymous_21)
FN:229,(anonymous_22)
FN:265,(anonymous_23)
FNF:24
FNH:16
FNDA:0,(anonymous_0)
FNDA:0,(anonymous_1)
FNDA:0,(anonymous_2)
FNDA:0,(anonymous_3)
FNDA:2,(anonymous_4)
FNDA:7,(anonymous_5)
FNDA:11,(anonymous_6)
FNDA:11,(anonymous_7)
FNDA:11,(anonymous_8)
FNDA:11,(anonymous_9)
FNDA:10,(anonymous_10)
FNDA:2,(anonymous_11)
FNDA:2,(anonymous_12)
FNDA:4,(anonymous_13)
FNDA:2,(anonymous_14)
FNDA:1,(anonymous_15)
FNDA:0,(anonymous_16)
FNDA:0,(anonymous_17)
FNDA:0,(anonymous_18)
FNDA:0,(anonymous_19)
FNDA:2,(anonymous_20)
FNDA:35,(anonymous_21)
FNDA:4,(anonymous_22)
FNDA:1,(anonymous_23)
DA:14,22
DA:17,0
DA:18,0
DA:21,0
DA:22,0
DA:25,0
DA:26,0
DA:29,0
DA:32,0
DA:33,0
DA:34,0
DA:35,0
DA:36,0
DA:38,0
DA:53,0
DA:57,0
DA:58,0
DA:61,0
DA:62,0
DA:65,0
DA:66,0
DA:69,0
DA:70,0
DA:73,0
DA:74,0
DA:80,0
DA:84,2
DA:85,2
DA:87,2
DA:111,7
DA:112,11
DA:113,11
DA:114,11
DA:115,11
DA:121,10
DA:122,6
DA:126,2
DA:128,2
DA:129,3
DA:130,3
DA:133,2
DA:140,2
DA:141,2
DA:143,2
DA:144,5
DA:145,5
DA:149,5
DA:152,2
DA:153,4
DA:154,2
DA:160,1
DA:162,1
DA:163,3
DA:164,3
DA:165,2
DA:167,3
DA:168,3
DA:171,1
DA:177,0
DA:179,0
DA:180,0
DA:183,0
DA:184,0
DA:185,0
DA:188,0
DA:192,0
DA:194,0
DA:195,0
DA:200,0
DA:205,2
DA:208,2
DA:209,14
DA:210,336
DA:215,2
DA:216,1
DA:217,1
DA:218,1
DA:220,35
DA:221,1
DA:222,1
DA:226,2
DA:230,4
DA:231,4
DA:233,4
DA:235,1
DA:236,1
DA:238,1
DA:239,1
DA:241,1
DA:242,1
DA:243,1
DA:245,0
DA:246,0
DA:247,0
DA:249,0
DA:250,0
DA:251,0
DA:253,0
DA:254,0
DA:255,0
DA:257,1
DA:258,1
DA:259,0
DA:262,3
DA:266,1
DA:267,1
DA:274,1
LF:107
LH:61
BRDA:57,0,0,0
BRDA:57,1,0,0
BRDA:57,1,1,0
BRDA:61,2,0,0
BRDA:61,3,0,0
BRDA:61,3,1,0
BRDA:65,4,0,0
BRDA:65,5,0,0
BRDA:65,5,1,0
BRDA:69,6,0,0
BRDA:69,7,0,0
BRDA:69,7,1,0
BRDA:73,8,0,0
BRDA:73,9,0,0
BRDA:73,9,1,0
BRDA:92,10,0,2
BRDA:92,10,1,0
BRDA:95,11,0,2
BRDA:95,11,1,0
BRDA:112,12,0,11
BRDA:112,12,1,1
BRDA:113,13,0,11
BRDA:113,13,1,0
BRDA:114,14,0,11
BRDA:114,14,1,1
BRDA:115,15,0,11
BRDA:115,15,1,1
BRDA:121,16,0,4
BRDA:130,17,0,3
BRDA:130,17,1,2
BRDA:130,18,0,3
BRDA:130,18,1,0
BRDA:140,19,0,2
BRDA:140,19,1,2
BRDA:145,20,0,3
BRDA:145,20,1,2
BRDA:149,21,0,5
BRDA:149,21,1,4
BRDA:149,22,0,5
BRDA:149,22,1,0
BRDA:164,23,0,2
BRDA:167,24,0,3
BRDA:167,24,1,0
BRDA:168,25,0,3
BRDA:168,25,1,0
BRDA:180,26,0,0
BRDA:180,26,1,0
BRDA:180,27,0,0
BRDA:180,27,1,0
BRDA:184,28,0,0
BRDA:197,29,0,0
BRDA:197,29,1,0
BRDA:220,30,0,35
BRDA:220,30,1,11
BRDA:221,31,0,1
BRDA:222,32,0,1
BRDA:222,32,1,0
BRDA:233,33,0,1
BRDA:233,33,1,1
BRDA:233,33,2,1
BRDA:233,33,3,0
BRDA:233,33,4,0
BRDA:233,33,5,0
BRDA:233,33,6,1
BRDA:257,34,0,1
BRDA:258,35,0,1
BRF:66
BRH:33
end_of_record
TN:
SF:src/services/movements.service.ts
FN:26,(anonymous_0)
FN:85,(anonymous_1)
FN:102,(anonymous_2)
FN:116,(anonymous_3)
FN:152,(anonymous_4)
FN:178,(anonymous_5)
FN:179,(anonymous_6)
FN:180,(anonymous_7)
FN:181,(anonymous_8)
FN:194,(anonymous_9)
FN:233,(anonymous_10)
FN:246,(anonymous_11)
FN:270,(anonymous_12)
FNF:13
FNH:4
FNDA:0,(anonymous_0)
FNDA:0,(anonymous_1)
FNDA:0,(anonymous_2)
FNDA:0,(anonymous_3)
FNDA:0,(anonymous_4)
FNDA:0,(anonymous_5)
FNDA:0,(anonymous_6)
FNDA:0,(anonymous_7)
FNDA:0,(anonymous_8)
FNDA:9,(anonymous_9)
FNDA:5,(anonymous_10)
FNDA:3,(anonymous_11)
FNDA:6,(anonymous_12)
DA:31,0
DA:43,0
DA:44,0
DA:46,0
DA:47,0
DA:49,0
DA:50,0
DA:52,0
DA:53,0
DA:55,0
DA:56,0
DA:58,0
DA:59,0
DA:63,0
DA:64,0
DA:65,0
DA:68,0
DA:69,0
DA:74,0
DA:86,0
DA:99,0
DA:104,0
DA:105,0
DA:106,0
DA:110,0
DA:113,0
DA:116,0
DA:118,0
DA:138,0
DA:139,0
DA:146,0
DA:149,0
DA:160,0
DA:163,0
DA:164,0
DA:166,0
DA:167,0
DA:169,0
DA:170,0
DA:172,0
DA:173,0
DA:176,0
DA:178,0
DA:179,0
DA:180,0
DA:181,0
DA:182,0
DA:184,0
DA:195,9
DA:196,2
DA:199,7
DA:201,2
DA:202,2
DA:203,1
DA:208,1
DA:211,3
DA:212,1
DA:217,2
DA:218,1
DA:220,1
DA:223,2
DA:224,1
DA:226,1
DA:229,0
DA:234,5
DA:236,1
DA:238,1
DA:240,3
DA:242,0
DA:251,3
DA:252,2
DA:257,1
DA:258,1
DA:259,1
DA:263,1
DA:271,6
DA:272,6
DA:273,6
DA:277,1
LF:79
LH:29
BRDA:27,0,0,0
BRDA:28,1,0,0
BRDA:29,2,0,0
BRDA:43,3,0,0
BRDA:46,4,0,0
BRDA:49,5,0,0
BRDA:52,6,0,0
BRDA:55,7,0,0
BRDA:58,8,0,0
BRDA:99,9,0,0
BRDA:99,9,1,0
BRDA:105,10,0,0
BRDA:152,11,0,0
BRDA:163,12,0,0
BRDA:166,13,0,0
BRDA:169,14,0,0
BRDA:172,15,0,0
BRDA:179,16,0,0
BRDA:179,16,1,0
BRDA:180,17,0,0
BRDA:180,17,1,0
BRDA:181,18,0,0
BRDA:181,18,1,0
BRDA:182,19,0,0
BRDA:182,19,1,0
BRDA:195,20,0,2
BRDA:199,21,0,2
BRDA:199,21,1,3
BRDA:199,21,2,2
BRDA:199,21,3,0
BRDA:202,22,0,1
BRDA:211,23,0,1
BRDA:217,24,0,1
BRDA:223,25,0,1
BRDA:234,26,0,1
BRDA:234,26,1,1
BRDA:234,26,2,3
BRDA:234,26,3,0
BRDA:251,27,0,2
BRDA:253,28,0,1
BRDA:253,28,1,1
BRDA:257,29,0,1
BRDA:257,29,1,0
BRDA:258,30,0,1
BRDA:258,30,1,0
BRDA:259,31,0,1
BRDA:259,31,1,0
BRDA:259,32,0,1
BRDA:259,32,1,1
BRF:49
BRH:19
end_of_record
TN:
SF:src/services/tanks.service.ts
FN:31,(anonymous_0)
FN:59,(anonymous_1)
FN:62,(anonymous_2)
FN:81,(anonymous_3)
FN:102,(anonymous_4)
FN:123,(anonymous_5)
FN:143,(anonymous_6)
FN:156,(anonymous_7)
FN:157,(anonymous_8)
FN:158,(anonymous_9)
FN:180,(anonymous_10)
FN:185,(anonymous_11)
FN:199,(anonymous_12)
FN:213,(anonymous_13)
FN:223,(anonymous_14)
FN:242,(anonymous_15)
FNF:16
FNH:7
FNDA:0,(anonymous_0)
FNDA:0,(anonymous_1)
FNDA:0,(anonymous_2)
FNDA:1,(anonymous_3)
FNDA:0,(anonymous_4)
FNDA:0,(anonymous_5)
FNDA:0,(anonymous_6)
FNDA:0,(anonymous_7)
FNDA:0,(anonymous_8)
FNDA:0,(anonymous_9)
FNDA:21,(anonymous_10)
FNDA:11,(anonymous_11)
FNDA:7,(anonymous_12)
FNDA:5,(anonymous_13)
FNDA:3,(anonymous_14)
FNDA:8,(anonymous_15)
DA:32,0
DA:41,0
DA:42,0
DA:45,0
DA:46,0
DA:49,0
DA:50,0
DA:53,0
DA:54,0
DA:57,0
DA:59,0
DA:63,0
DA:74,0
DA:75,0
DA:78,0
DA:82,1
DA:84,0
DA:99,0
DA:103,0
DA:104,0
DA:105,0
DA:106,0
DA:107,0
DA:108,0
DA:112,0
DA:120,0
DA:124,0
DA:125,0
DA:126,0
DA:129,0
DA:130,0
DA:132,0
DA:140,0
DA:150,0
DA:155,0
DA:156,0
DA:157,0
DA:158,0
DA:160,0
DA:161,0
DA:162,0
DA:163,0
DA:164,0
DA:166,0
DA:167,0
DA:168,0
DA:171,0
DA:181,21
DA:182,20
DA:186,11
DA:188,11
DA:189,4
DA:192,7
DA:193,3
DA:196,4
DA:200,7
DA:201,4
DA:204,3
DA:205,2
DA:208,1
DA:209,0
DA:214,5
DA:215,1
DA:218,4
DA:219,1
DA:224,3
DA:243,8
DA:244,8
DA:245,8
DA:249,2
LF:70
LH:23
BRDA:31,0,0,0
BRDA:41,1,0,0
BRDA:45,2,0,0
BRDA:49,3,0,0
BRDA:53,4,0,0
BRDA:74,5,0,0
BRDA:91,6,0,0
BRDA:91,6,1,0
BRDA:92,7,0,0
BRDA:92,7,1,0
BRDA:103,8,0,0
BRDA:103,9,0,0
BRDA:103,9,1,0
BRDA:105,10,0,0
BRDA:106,11,0,0
BRDA:106,11,1,0
BRDA:107,12,0,0
BRDA:107,12,1,0
BRDA:120,13,0,0
BRDA:120,13,1,0
BRDA:125,14,0,0
BRDA:140,15,0,0
BRDA:140,15,1,0
BRDA:162,16,0,0
BRDA:162,16,1,0
BRDA:163,17,0,0
BRDA:181,18,0,1
BRDA:188,19,0,4
BRDA:192,20,0,3
BRDA:200,21,0,4
BRDA:200,22,0,7
BRDA:200,22,1,4
BRDA:204,23,0,2
BRDA:208,24,0,0
BRDA:214,25,0,1
BRDA:218,26,0,1
BRF:36
BRH:9
end_of_record
