TN:
SF:src/config/permissions.ts
FN:77,hasPermission
FN:81,hasAnyPermission
FN:82,(anonymous_2)
FN:85,hasAllPermissions
FN:86,(anonymous_4)
FNF:5
FNH:5
FNDA:16,hasPermission
FNDA:3,hasAnyPermission
FNDA:4,(anonymous_2)
FNDA:3,hasAllPermissions
FNDA:5,(anonymous_4)
DA:3,1
DA:38,1
DA:78,16
DA:82,4
DA:86,5
LF:5
LH:5
BRDA:78,0,0,16
BRDA:78,0,1,1
BRF:2
BRH:2
end_of_record
TN:
SF:src/services/audit-logs.service.ts
FN:24,(anonymous_0)
FN:42,(anonymous_1)
FNF:2
FNH:0
FNDA:0,(anonymous_0)
FNDA:0,(anonymous_1)
DA:25,0
DA:39,0
DA:47,0
DA:49,0
DA:50,0
DA:51,0
DA:52,0
DA:53,0
DA:54,0
DA:56,0
DA:57,0
DA:58,0
DA:60,0
DA:61,0
DA:66,0
DA:78,5
LF:16
LH:1
BRDA:28,0,0,0
BRDA:28,0,1,0
BRDA:31,1,0,0
BRDA:31,1,1,0
BRDA:32,2,0,0
BRDA:32,2,1,0
BRDA:33,3,0,0
BRDA:33,3,1,0
BRDA:34,4,0,0
BRDA:34,4,1,0
BRDA:43,5,0,0
BRDA:44,6,0,0
BRDA:45,7,0,0
BRDA:49,8,0,0
BRDA:50,9,0,0
BRDA:51,10,0,0
BRDA:52,11,0,0
BRDA:53,12,0,0
BRDA:54,13,0,0
BRF:19
BRH:0
end_of_record
TN:
SF:src/services/auth.service.ts
FN:16,(anonymous_0)
FN:48,(anonymous_1)
FN:72,(anonymous_2)
FN:84,(anonymous_3)
FN:106,(anonymous_4)
FN:117,(anonymous_5)
FN:158,(anonymous_6)
FN:172,(anonymous_7)
FN:183,(anonymous_8)
FN:194,(anonymous_9)
FN:198,(anonymous_10)
FN:202,(anonymous_11)
FN:208,(anonymous_12)
FN:226,(anonymous_13)
FN:240,(anonymous_14)
FNF:15
FNH:7
FNDA:0,(anonymous_0)
FNDA:0,(anonymous_1)
FNDA:0,(anonymous_2)
FNDA:0,(anonymous_3)
FNDA:0,(anonymous_4)
FNDA:0,(anonymous_5)
FNDA:0,(anonymous_6)
FNDA:0,(anonymous_7)
FNDA:6,(anonymous_8)
FNDA:3,(anonymous_9)
FNDA:2,(anonymous_10)
FNDA:7,(anonymous_11)
FNDA:5,(anonymous_12)
FNDA:3,(anonymous_13)
FNDA:11,(anonymous_14)
DA:13,25
DA:14,25
DA:17,0
DA:21,0
DA:22,0
DA:25,0
DA:26,0
DA:27,0
DA:30,0
DA:31,0
DA:33,0
DA:45,0
DA:49,0
DA:50,0
DA:52,0
DA:56,0
DA:57,0
DA:60,0
DA:62,0
DA:63,0
DA:65,0
DA:66,0
DA:68,0
DA:73,0
DA:77,0
DA:78,0
DA:81,0
DA:85,0
DA:89,0
DA:90,0
DA:93,0
DA:94,0
DA:95,0
DA:98,0
DA:100,0
DA:101,0
DA:107,0
DA:118,0
DA:123,0
DA:124,0
DA:128,0
DA:133,0
DA:134,0
DA:135,0
DA:137,0
DA:146,0
DA:147,0
DA:154,0
DA:159,0
DA:164,0
DA:165,0
DA:168,0
DA:170,0
DA:172,0
DA:173,0
DA:177,0
DA:184,6
DA:185,6
DA:187,5
DA:188,2
DA:190,3
DA:195,3
DA:199,2
DA:203,7
DA:204,4
DA:209,5
DA:215,5
DA:219,5
DA:223,5
DA:227,3
DA:241,11
DA:242,11
DA:243,11
DA:247,2
LF:74
LH:20
BRDA:21,0,0,0
BRDA:26,1,0,0
BRDA:56,2,0,0
BRDA:62,3,0,0
BRDA:65,4,0,0
BRDA:77,5,0,0
BRDA:89,6,0,0
BRDA:94,7,0,0
BRDA:123,8,0,0
BRDA:164,9,0,0
BRDA:187,10,0,2
BRDA:203,11,0,4
BRF:12
BRH:2
end_of_record
TN:
SF:src/services/dashboard.service.ts
FN:16,(anonymous_0)
FN:22,(anonymous_1)
FN:26,(anonymous_2)
FN:48,(anonymous_3)
FN:83,(anonymous_4)
FN:104,(anonymous_5)
FN:112,(anonymous_6)
FN:113,(anonymous_7)
FN:114,(anonymous_8)
FN:115,(anonymous_9)
FN:120,(anonymous_10)
FN:125,(anonymous_11)
FN:136,(anonymous_12)
FN:153,(anonymous_13)
FN:154,(anonymous_14)
FN:157,(anonymous_15)
FN:174,(anonymous_16)
FN:192,(anonymous_17)
FN:195,(anonymous_18)
FN:200,(anonymous_19)
FN:204,(anonymous_20)
FN:220,(anonymous_21)
FN:229,(anonymous_22)
FN:265,(anonymous_23)
FNF:24
FNH:16
FNDA:0,(anonymous_0)
FNDA:0,(anonymous_1)
FNDA:0,(anonymous_2)
FNDA:0,(anonymous_3)
FNDA:2,(anonymous_4)
FNDA:7,(anonymous_5)
FNDA:11,(anonymous_6)
FNDA:11,(anonymous_7)
FNDA:11,(anonymous_8)
FNDA:11,(anonymous_9)
FNDA:10,(anonymous_10)
FNDA:2,(anonymous_11)
FNDA:2,(anonymous_12)
FNDA:4,(anonymous_13)
FNDA:2,(anonymous_14)
FNDA:1,(anonymous_15)
FNDA:0,(anonymous_16)
FNDA:0,(anonymous_17)
FNDA:0,(anonymous_18)
FNDA:0,(anonymous_19)
FNDA:2,(anonymous_20)
FNDA:35,(anonymous_21)
FNDA:4,(anonymous_22)
FNDA:1,(anonymous_23)
DA:14,22
DA:17,0
DA:18,0
DA:21,0
DA:22,0
DA:25,0
DA:26,0
DA:29,0
DA:32,0
DA:33,0
DA:34,0
DA:35,0
DA:36,0
DA:38,0
DA:53,0
DA:57,0
DA:58,0
DA:61,0
DA:62,0
DA:65,0
DA:66,0
DA:69,0
DA:70,0
DA:73,0
DA:74,0
DA:80,0
DA:84,2
DA:85,2
DA:87,2
DA:111,7
DA:112,11
DA:113,11
DA:114,11
DA:115,11
DA:121,10
DA:122,6
DA:126,2
DA:128,2
DA:129,3
DA:130,3
DA:133,2
DA:140,2
DA:141,2
DA:143,2
DA:144,5
DA:145,5
DA:149,5
DA:152,2
DA:153,4
DA:154,2
DA:160,1
DA:162,1
DA:163,3
DA:164,3
DA:165,2
DA:167,3
DA:168,3
DA:171,1
DA:177,0
DA:179,0
DA:180,0
DA:183,0
DA:184,0
DA:185,0
DA:188,0
DA:192,0
DA:194,0
DA:195,0
DA:200,0
DA:205,2
DA:208,2
DA:209,14
DA:210,336
DA:215,2
DA:216,1
DA:217,1
DA:218,1
DA:220,35
DA:221,1
DA:222,1
DA:226,2
DA:230,4
DA:231,4
DA:233,4
DA:235,1
DA:236,1
DA:238,1
DA:239,1
DA:241,1
DA:242,1
DA:243,1
DA:245,0
DA:246,0
DA:247,0
DA:249,0
DA:250,0
DA:251,0
DA:253,0
DA:254,0
DA:255,0
DA:257,1
DA:258,1
DA:259,0
DA:262,3
DA:266,1
DA:267,1
DA:274,1
LF:107
LH:61
BRDA:57,0,0,0
BRDA:57,1,0,0
BRDA:57,1,1,0
BRDA:61,2,0,0
BRDA:61,3,0,0
BRDA:61,3,1,0
BRDA:65,4,0,0
BRDA:65,5,0,0
BRDA:65,5,1,0
BRDA:69,6,0,0
BRDA:69,7,0,0
BRDA:69,7,1,0
BRDA:73,8,0,0
BRDA:73,9,0,0
BRDA:73,9,1,0
BRDA:92,10,0,2
BRDA:92,10,1,0
BRDA:95,11,0,2
BRDA:95,11,1,0
BRDA:112,12,0,11
BRDA:112,12,1,1
BRDA:113,13,0,11
BRDA:113,13,1,0
BRDA:114,14,0,11
BRDA:114,14,1,1
BRDA:115,15,0,11
BRDA:115,15,1,1
BRDA:121,16,0,4
BRDA:130,17,0,3
BRDA:130,17,1,2
BRDA:130,18,0,3
BRDA:130,18,1,0
BRDA:140,19,0,2
BRDA:140,19,1,2
BRDA:145,20,0,3
BRDA:145,20,1,2
BRDA:149,21,0,5
BRDA:149,21,1,4
BRDA:149,22,0,5
BRDA:149,22,1,0
BRDA:164,23,0,2
BRDA:167,24,0,3
BRDA:167,24,1,0
BRDA:168,25,0,3
BRDA:168,25,1,0
BRDA:180,26,0,0
BRDA:180,26,1,0
BRDA:180,27,0,0
BRDA:180,27,1,0
BRDA:184,28,0,0
BRDA:197,29,0,0
BRDA:197,29,1,0
BRDA:220,30,0,35
BRDA:220,30,1,11
BRDA:221,31,0,1
BRDA:222,32,0,1
BRDA:222,32,1,0
BRDA:233,33,0,1
BRDA:233,33,1,1
BRDA:233,33,2,1
BRDA:233,33,3,0
BRDA:233,33,4,0
BRDA:233,33,5,0
BRDA:233,33,6,1
BRDA:257,34,0,1
BRDA:258,35,0,1
BRF:66
BRH:33
end_of_record
TN:
SF:src/services/email.service.ts
FN:13,(anonymous_0)
FN:16,(anonymous_1)
FN:17,(anonymous_2)
FN:20,(anonymous_3)
FN:48,(anonymous_4)
FN:70,(anonymous_5)
FN:80,(anonymous_6)
FN:91,(anonymous_7)
FNF:8
FNH:0
FNDA:0,(anonymous_0)
FNDA:0,(anonymous_1)
FNDA:0,(anonymous_2)
FNDA:0,(anonymous_3)
FNDA:0,(anonymous_4)
FNDA:0,(anonymous_5)
FNDA:0,(anonymous_6)
FNDA:0,(anonymous_7)
DA:14,0
DA:16,0
DA:17,0
DA:21,0
DA:22,0
DA:26,0
DA:29,0
DA:30,0
DA:31,0
DA:34,0
DA:35,0
DA:36,0
DA:39,0
DA:48,0
DA:63,0
DA:64,0
DA:65,0
DA:66,0
DA:71,0
DA:72,0
DA:81,0
DA:82,0
DA:83,0
DA:98,0
DA:99,0
DA:100,0
DA:101,0
DA:104,0
DA:105,0
DA:114,2
LF:30
LH:1
BRDA:21,0,0,0
BRDA:29,1,0,0
BRDA:34,2,0,0
BRDA:57,3,0,0
BRDA:57,3,1,0
BRDA:63,4,0,0
BRDA:99,5,0,0
BRF:7
BRH:0
end_of_record
TN:
SF:src/services/movements.service.ts
FN:29,(anonymous_0)
FN:88,(anonymous_1)
FN:105,(anonymous_2)
FN:122,(anonymous_3)
FN:194,(anonymous_4)
FN:220,(anonymous_5)
FN:221,(anonymous_6)
FN:222,(anonymous_7)
FN:223,(anonymous_8)
FN:236,(anonymous_9)
FN:275,(anonymous_10)
FN:288,(anonymous_11)
FN:312,(anonymous_12)
FNF:13
FNH:4
FNDA:0,(anonymous_0)
FNDA:0,(anonymous_1)
FNDA:0,(anonymous_2)
FNDA:0,(anonymous_3)
FNDA:0,(anonymous_4)
FNDA:0,(anonymous_5)
FNDA:0,(anonymous_6)
FNDA:0,(anonymous_7)
FNDA:0,(anonymous_8)
FNDA:15,(anonymous_9)
FNDA:7,(anonymous_10)
FNDA:7,(anonymous_11)
FNDA:14,(anonymous_12)
DA:34,0
DA:46,0
DA:47,0
DA:49,0
DA:50,0
DA:52,0
DA:53,0
DA:55,0
DA:56,0
DA:58,0
DA:59,0
DA:61,0
DA:62,0
DA:66,0
DA:67,0
DA:68,0
DA:71,0
DA:72,0
DA:77,0
DA:89,0
DA:102,0
DA:107,0
DA:108,0
DA:109,0
DA:113,0
DA:116,0
DA:119,0
DA:120,0
DA:122,0
DA:124,0
DA:144,0
DA:145,0
DA:152,0
DA:155,0
DA:176,0
DA:177,0
DA:178,0
DA:179,0
DA:187,0
DA:191,0
DA:202,0
DA:205,0
DA:206,0
DA:208,0
DA:209,0
DA:211,0
DA:212,0
DA:214,0
DA:215,0
DA:218,0
DA:220,0
DA:221,0
DA:222,0
DA:223,0
DA:224,0
DA:226,0
DA:237,15
DA:238,3
DA:241,12
DA:243,4
DA:244,4
DA:245,2
DA:250,2
DA:253,5
DA:254,2
DA:259,3
DA:260,1
DA:262,2
DA:265,3
DA:266,1
DA:268,2
DA:271,0
DA:276,7
DA:278,2
DA:280,2
DA:282,3
DA:284,0
DA:293,7
DA:294,3
DA:299,4
DA:300,4
DA:301,4
DA:305,4
DA:313,14
DA:314,14
DA:315,14
DA:319,2
LF:87
LH:29
BRDA:30,0,0,0
BRDA:31,1,0,0
BRDA:32,2,0,0
BRDA:46,3,0,0
BRDA:49,4,0,0
BRDA:52,5,0,0
BRDA:55,6,0,0
BRDA:58,7,0,0
BRDA:61,8,0,0
BRDA:102,9,0,0
BRDA:102,9,1,0
BRDA:108,10,0,0
BRDA:176,11,0,0
BRDA:176,11,1,0
BRDA:177,12,0,0
BRDA:194,13,0,0
BRDA:205,14,0,0
BRDA:208,15,0,0
BRDA:211,16,0,0
BRDA:214,17,0,0
BRDA:221,18,0,0
BRDA:221,18,1,0
BRDA:222,19,0,0
BRDA:222,19,1,0
BRDA:223,20,0,0
BRDA:223,20,1,0
BRDA:224,21,0,0
BRDA:224,21,1,0
BRDA:237,22,0,3
BRDA:241,23,0,4
BRDA:241,23,1,5
BRDA:241,23,2,3
BRDA:241,23,3,0
BRDA:244,24,0,2
BRDA:253,25,0,2
BRDA:259,26,0,1
BRDA:265,27,0,1
BRDA:276,28,0,2
BRDA:276,28,1,2
BRDA:276,28,2,3
BRDA:276,28,3,0
BRDA:293,29,0,3
BRDA:295,30,0,2
BRDA:295,30,1,1
BRDA:299,31,0,4
BRDA:299,31,1,0
BRDA:300,32,0,3
BRDA:300,32,1,1
BRDA:301,33,0,3
BRDA:301,33,1,1
BRDA:301,34,0,4
BRDA:301,34,1,4
BRF:52
BRH:21
end_of_record
TN:
SF:src/services/tanks.service.ts
FN:33,(anonymous_0)
FN:61,(anonymous_1)
FN:64,(anonymous_2)
FN:83,(anonymous_3)
FN:123,(anonymous_4)
FN:173,(anonymous_5)
FN:193,(anonymous_6)
FN:206,(anonymous_7)
FN:207,(anonymous_8)
FN:208,(anonymous_9)
FN:230,(anonymous_10)
FN:235,(anonymous_11)
FN:249,(anonymous_12)
FN:263,(anonymous_13)
FN:273,(anonymous_14)
FN:292,(anonymous_15)
FNF:16
FNH:6
FNDA:0,(anonymous_0)
FNDA:0,(anonymous_1)
FNDA:0,(anonymous_2)
FNDA:0,(anonymous_3)
FNDA:0,(anonymous_4)
FNDA:0,(anonymous_5)
FNDA:0,(anonymous_6)
FNDA:0,(anonymous_7)
FNDA:0,(anonymous_8)
FNDA:0,(anonymous_9)
FNDA:35,(anonymous_10)
FNDA:17,(anonymous_11)
FNDA:7,(anonymous_12)
FNDA:8,(anonymous_13)
FNDA:6,(anonymous_14)
FNDA:10,(anonymous_15)
DA:34,0
DA:43,0
DA:44,0
DA:47,0
DA:48,0
DA:51,0
DA:52,0
DA:55,0
DA:56,0
DA:59,0
DA:61,0
DA:65,0
DA:76,0
DA:77,0
DA:80,0
DA:84,0
DA:86,0
DA:101,0
DA:102,0
DA:120,0
DA:124,0
DA:125,0
DA:126,0
DA:129,0
DA:130,0
DA:131,0
DA:132,0
DA:135,0
DA:143,0
DA:144,0
DA:170,0
DA:174,0
DA:175,0
DA:176,0
DA:179,0
DA:180,0
DA:182,0
DA:190,0
DA:200,0
DA:205,0
DA:206,0
DA:207,0
DA:208,0
DA:210,0
DA:211,0
DA:212,0
DA:213,0
DA:214,0
DA:216,0
DA:217,0
DA:218,0
DA:221,0
DA:231,35
DA:232,34
DA:236,17
DA:238,17
DA:239,7
DA:242,10
DA:243,3
DA:246,7
DA:250,7
DA:251,3
DA:254,4
DA:255,2
DA:258,2
DA:259,1
DA:264,8
DA:265,1
DA:268,7
DA:269,2
DA:274,6
DA:293,10
DA:294,10
DA:295,10
DA:299,3
LF:75
LH:23
BRDA:33,0,0,0
BRDA:43,1,0,0
BRDA:47,2,0,0
BRDA:51,3,0,0
BRDA:55,4,0,0
BRDA:76,5,0,0
BRDA:93,6,0,0
BRDA:93,6,1,0
BRDA:94,7,0,0
BRDA:94,7,1,0
BRDA:101,8,0,0
BRDA:125,9,0,0
BRDA:129,10,0,0
BRDA:129,11,0,0
BRDA:129,11,1,0
BRDA:130,12,0,0
BRDA:130,12,1,0
BRDA:131,13,0,0
BRDA:131,13,1,0
BRDA:143,14,0,0
BRDA:143,15,0,0
BRDA:143,15,1,0
BRDA:170,16,0,0
BRDA:170,16,1,0
BRDA:175,17,0,0
BRDA:190,18,0,0
BRDA:190,18,1,0
BRDA:212,19,0,0
BRDA:212,19,1,0
BRDA:213,20,0,0
BRDA:231,21,0,1
BRDA:238,22,0,7
BRDA:242,23,0,3
BRDA:250,24,0,3
BRDA:250,25,0,7
BRDA:250,25,1,5
BRDA:254,26,0,2
BRDA:258,27,0,1
BRDA:264,28,0,1
BRDA:268,29,0,2
BRF:40
BRH:10
end_of_record
